[2026-04-03T05:42:49.824+0000] {manager.py:483} INFO - Processing files using up to 2 processes at a time 
[2026-04-03T05:42:49.826+0000] {manager.py:484} INFO - Process each file at most once every 30 seconds
[2026-04-03T05:42:49.826+0000] {manager.py:485} INFO - Checking for new files in /opt/airflow/dags every 300 seconds
[2026-04-03T05:42:49.827+0000] {manager.py:821} INFO - Searching for files in /opt/airflow/dags
[2026-04-03T05:42:49.857+0000] {manager.py:824} INFO - There are 1 files in /opt/airflow/dags
[2026-04-03T05:42:49.958+0000] {manager.py:997} INFO - 
================================================================================
DAG File Processing Stats

File Path                                 PID  Runtime      # DAGs    # Errors  Last Runtime    Last Run      Last # of DB Queries
--------------------------------------  -----  ---------  --------  ----------  --------------  ----------  ----------------------
/opt/airflow/dags/big_data_pipeline.py    169  0.04s             0           0                                                   0
================================================================================
[2026-04-03T05:43:20.088+0000] {manager.py:997} INFO - 
================================================================================
DAG File Processing Stats

File Path                               PID    Runtime      # DAGs    # Errors  Last Runtime    Last Run               Last # of DB Queries
--------------------------------------  -----  ---------  --------  ----------  --------------  -------------------  ----------------------
/opt/airflow/dags/big_data_pipeline.py                           1           0  0.92s           2026-04-03T05:42:50                      43
================================================================================
[2026-04-03T05:43:50.272+0000] {manager.py:997} INFO - 
================================================================================
DAG File Processing Stats

File Path                               PID    Runtime      # DAGs    # Errors  Last Runtime    Last Run               Last # of DB Queries
--------------------------------------  -----  ---------  --------  ----------  --------------  -------------------  ----------------------
/opt/airflow/dags/big_data_pipeline.py                           1           0  0.94s           2026-04-03T05:43:22                      10
================================================================================
[2026-04-03T05:44:20.685+0000] {manager.py:997} INFO - 
================================================================================
DAG File Processing Stats

File Path                               PID    Runtime      # DAGs    # Errors  Last Runtime    Last Run               Last # of DB Queries
--------------------------------------  -----  ---------  --------  ----------  --------------  -------------------  ----------------------
/opt/airflow/dags/big_data_pipeline.py                           1           0  0.38s           2026-04-03T05:43:52                      10
================================================================================
[2026-04-03T05:44:51.251+0000] {manager.py:997} INFO - 
================================================================================
DAG File Processing Stats

File Path                               PID    Runtime      # DAGs    # Errors  Last Runtime    Last Run               Last # of DB Queries
--------------------------------------  -----  ---------  --------  ----------  --------------  -------------------  ----------------------
/opt/airflow/dags/big_data_pipeline.py                           1           0  0.39s           2026-04-03T05:44:23                      10
================================================================================
[2026-04-03T05:45:21.627+0000] {manager.py:997} INFO - 
================================================================================
DAG File Processing Stats

File Path                               PID    Runtime      # DAGs    # Errors  Last Runtime    Last Run               Last # of DB Queries
--------------------------------------  -----  ---------  --------  ----------  --------------  -------------------  ----------------------
/opt/airflow/dags/big_data_pipeline.py                           1           0  0.42s           2026-04-03T05:44:53                      10
================================================================================
[2026-04-03T05:45:52.296+0000] {manager.py:997} INFO - 
================================================================================
DAG File Processing Stats

File Path                               PID    Runtime      # DAGs    # Errors  Last Runtime    Last Run               Last # of DB Queries
--------------------------------------  -----  ---------  --------  ----------  --------------  -------------------  ----------------------
/opt/airflow/dags/big_data_pipeline.py                           1           0  1.12s           2026-04-03T05:45:25                      10
================================================================================
[2026-04-03T05:46:22.668+0000] {manager.py:997} INFO - 
================================================================================
DAG File Processing Stats

File Path                               PID    Runtime      # DAGs    # Errors  Last Runtime    Last Run               Last # of DB Queries
--------------------------------------  -----  ---------  --------  ----------  --------------  -------------------  ----------------------
/opt/airflow/dags/big_data_pipeline.py                           1           0  0.60s           2026-04-03T05:45:55                      10
================================================================================
[2026-04-03T05:46:52.947+0000] {manager.py:997} INFO - 
================================================================================
DAG File Processing Stats

File Path                               PID    Runtime      # DAGs    # Errors  Last Runtime    Last Run               Last # of DB Queries
--------------------------------------  -----  ---------  --------  ----------  --------------  -------------------  ----------------------
/opt/airflow/dags/big_data_pipeline.py                           1           0  0.43s           2026-04-03T05:46:26                      10
================================================================================
[2026-04-03T05:47:23.302+0000] {manager.py:997} INFO - 
================================================================================
DAG File Processing Stats

File Path                               PID    Runtime      # DAGs    # Errors  Last Runtime    Last Run               Last # of DB Queries
--------------------------------------  -----  ---------  --------  ----------  --------------  -------------------  ----------------------
/opt/airflow/dags/big_data_pipeline.py                           1           0  0.44s           2026-04-03T05:46:57                      10
================================================================================
[2026-04-03T05:47:50.613+0000] {manager.py:821} INFO - Searching for files in /opt/airflow/dags
[2026-04-03T05:47:50.638+0000] {manager.py:824} INFO - There are 1 files in /opt/airflow/dags
[2026-04-03T05:47:53.708+0000] {manager.py:997} INFO - 
================================================================================
DAG File Processing Stats

File Path                               PID    Runtime      # DAGs    # Errors  Last Runtime    Last Run               Last # of DB Queries
--------------------------------------  -----  ---------  --------  ----------  --------------  -------------------  ----------------------
/opt/airflow/dags/big_data_pipeline.py                           1           0  0.59s           2026-04-03T05:47:28                      10
================================================================================
[2026-04-03T05:48:24.112+0000] {manager.py:997} INFO - 
================================================================================
DAG File Processing Stats

File Path                               PID    Runtime      # DAGs    # Errors  Last Runtime    Last Run               Last # of DB Queries
--------------------------------------  -----  ---------  --------  ----------  --------------  -------------------  ----------------------
/opt/airflow/dags/big_data_pipeline.py                           1           0  0.43s           2026-04-03T05:47:59                      10
================================================================================
[2026-04-03T05:48:54.763+0000] {manager.py:997} INFO - 
================================================================================
DAG File Processing Stats

File Path                               PID    Runtime      # DAGs    # Errors  Last Runtime    Last Run               Last # of DB Queries
--------------------------------------  -----  ---------  --------  ----------  --------------  -------------------  ----------------------
/opt/airflow/dags/big_data_pipeline.py                           1           0  0.40s           2026-04-03T05:48:29                      10
================================================================================
[2026-04-03T05:49:24.823+0000] {manager.py:997} INFO - 
================================================================================
DAG File Processing Stats

File Path                               PID    Runtime      # DAGs    # Errors  Last Runtime    Last Run               Last # of DB Queries
--------------------------------------  -----  ---------  --------  ----------  --------------  -------------------  ----------------------
/opt/airflow/dags/big_data_pipeline.py                           1           0  0.46s           2026-04-03T05:49:00                      10
================================================================================
[2026-04-03T05:49:55.226+0000] {manager.py:997} INFO - 
================================================================================
DAG File Processing Stats

File Path                               PID    Runtime      # DAGs    # Errors  Last Runtime    Last Run               Last # of DB Queries
--------------------------------------  -----  ---------  --------  ----------  --------------  -------------------  ----------------------
/opt/airflow/dags/big_data_pipeline.py                           1           0  0.37s           2026-04-03T05:49:31                      10
================================================================================
[2026-04-03T05:50:25.862+0000] {manager.py:997} INFO - 
================================================================================
DAG File Processing Stats

File Path                               PID    Runtime      # DAGs    # Errors  Last Runtime    Last Run               Last # of DB Queries
--------------------------------------  -----  ---------  --------  ----------  --------------  -------------------  ----------------------
/opt/airflow/dags/big_data_pipeline.py                           1           0  0.37s           2026-04-03T05:50:01                      10
================================================================================
[2026-04-03T05:50:56.303+0000] {manager.py:997} INFO - 
================================================================================
DAG File Processing Stats

File Path                               PID    Runtime      # DAGs    # Errors  Last Runtime    Last Run               Last # of DB Queries
--------------------------------------  -----  ---------  --------  ----------  --------------  -------------------  ----------------------
/opt/airflow/dags/big_data_pipeline.py                           1           0  0.38s           2026-04-03T05:50:32                      10
================================================================================
[2026-04-03T05:51:26.893+0000] {manager.py:997} INFO - 
================================================================================
DAG File Processing Stats

File Path                               PID    Runtime      # DAGs    # Errors  Last Runtime    Last Run               Last # of DB Queries
--------------------------------------  -----  ---------  --------  ----------  --------------  -------------------  ----------------------
/opt/airflow/dags/big_data_pipeline.py                           1           0  0.36s           2026-04-03T05:51:02                      10
================================================================================
[2026-04-03T05:51:57.380+0000] {manager.py:997} INFO - 
================================================================================
DAG File Processing Stats

File Path                               PID    Runtime      # DAGs    # Errors  Last Runtime    Last Run               Last # of DB Queries
--------------------------------------  -----  ---------  --------  ----------  --------------  -------------------  ----------------------
/opt/airflow/dags/big_data_pipeline.py                           1           0  0.45s           2026-04-03T05:51:33                      10
================================================================================
[2026-04-03T05:52:28.022+0000] {manager.py:997} INFO - 
================================================================================
DAG File Processing Stats

File Path                               PID    Runtime      # DAGs    # Errors  Last Runtime    Last Run               Last # of DB Queries
--------------------------------------  -----  ---------  --------  ----------  --------------  -------------------  ----------------------
/opt/airflow/dags/big_data_pipeline.py                           1           0  0.41s           2026-04-03T05:52:03                      10
================================================================================
[2026-04-03T05:52:50.625+0000] {manager.py:821} INFO - Searching for files in /opt/airflow/dags
[2026-04-03T05:52:50.636+0000] {manager.py:824} INFO - There are 1 files in /opt/airflow/dags
[2026-04-03T05:52:58.421+0000] {manager.py:997} INFO - 
================================================================================
DAG File Processing Stats

File Path                               PID    Runtime      # DAGs    # Errors  Last Runtime    Last Run               Last # of DB Queries
--------------------------------------  -----  ---------  --------  ----------  --------------  -------------------  ----------------------
/opt/airflow/dags/big_data_pipeline.py                           1           0  0.34s           2026-04-03T05:52:34                      10
================================================================================
[2026-04-03T05:53:29.061+0000] {manager.py:997} INFO - 
================================================================================
DAG File Processing Stats

File Path                               PID    Runtime      # DAGs    # Errors  Last Runtime    Last Run               Last # of DB Queries
--------------------------------------  -----  ---------  --------  ----------  --------------  -------------------  ----------------------
/opt/airflow/dags/big_data_pipeline.py                           1           0  0.37s           2026-04-03T05:53:04                      10
================================================================================
[2026-04-03T05:53:59.360+0000] {manager.py:997} INFO - 
================================================================================
DAG File Processing Stats

File Path                               PID    Runtime      # DAGs    # Errors  Last Runtime    Last Run               Last # of DB Queries
--------------------------------------  -----  ---------  --------  ----------  --------------  -------------------  ----------------------
/opt/airflow/dags/big_data_pipeline.py                           1           0  0.40s           2026-04-03T05:53:35                      10
================================================================================
[2026-04-03T05:54:29.503+0000] {manager.py:997} INFO - 
================================================================================
DAG File Processing Stats

File Path                               PID    Runtime      # DAGs    # Errors  Last Runtime    Last Run               Last # of DB Queries
--------------------------------------  -----  ---------  --------  ----------  --------------  -------------------  ----------------------
/opt/airflow/dags/big_data_pipeline.py                           1           0  0.45s           2026-04-03T05:54:06                      10
================================================================================
[2026-04-03T05:54:59.834+0000] {manager.py:997} INFO - 
================================================================================
DAG File Processing Stats

File Path                               PID    Runtime      # DAGs    # Errors  Last Runtime    Last Run               Last # of DB Queries
--------------------------------------  -----  ---------  --------  ----------  --------------  -------------------  ----------------------
/opt/airflow/dags/big_data_pipeline.py                           1           0  0.48s           2026-04-03T05:54:37                      10
================================================================================
[2026-04-03T05:55:30.162+0000] {manager.py:997} INFO - 
================================================================================
DAG File Processing Stats

File Path                               PID    Runtime      # DAGs    # Errors  Last Runtime    Last Run               Last # of DB Queries
--------------------------------------  -----  ---------  --------  ----------  --------------  -------------------  ----------------------
/opt/airflow/dags/big_data_pipeline.py                           1           0  0.52s           2026-04-03T05:55:05                      10
================================================================================
[2026-04-03T05:56:00.534+0000] {manager.py:997} INFO - 
================================================================================
DAG File Processing Stats

File Path                               PID    Runtime      # DAGs    # Errors  Last Runtime    Last Run               Last # of DB Queries
--------------------------------------  -----  ---------  --------  ----------  --------------  -------------------  ----------------------
/opt/airflow/dags/big_data_pipeline.py                           1           0  0.35s           2026-04-03T05:55:36                      10
================================================================================
[2026-04-03T05:56:31.199+0000] {manager.py:997} INFO - 
================================================================================
DAG File Processing Stats

File Path                               PID    Runtime      # DAGs    # Errors  Last Runtime    Last Run               Last # of DB Queries
--------------------------------------  -----  ---------  --------  ----------  --------------  -------------------  ----------------------
/opt/airflow/dags/big_data_pipeline.py                           1           0  0.36s           2026-04-03T05:56:07                      10
================================================================================
[2026-04-03T05:57:01.868+0000] {manager.py:997} INFO - 
================================================================================
DAG File Processing Stats

File Path                               PID    Runtime      # DAGs    # Errors  Last Runtime    Last Run               Last # of DB Queries
--------------------------------------  -----  ---------  --------  ----------  --------------  -------------------  ----------------------
/opt/airflow/dags/big_data_pipeline.py                           1           0  0.32s           2026-04-03T05:56:37                      10
================================================================================
[2026-04-03T05:57:32.488+0000] {manager.py:997} INFO - 
================================================================================
DAG File Processing Stats

File Path                               PID    Runtime      # DAGs    # Errors  Last Runtime    Last Run               Last # of DB Queries
--------------------------------------  -----  ---------  --------  ----------  --------------  -------------------  ----------------------
/opt/airflow/dags/big_data_pipeline.py                           1           0  0.37s           2026-04-03T05:57:08                      10
================================================================================
[2026-04-03T05:57:50.904+0000] {manager.py:821} INFO - Searching for files in /opt/airflow/dags
[2026-04-03T05:57:50.914+0000] {manager.py:824} INFO - There are 1 files in /opt/airflow/dags
[2026-04-03T05:58:03.139+0000] {manager.py:997} INFO - 
================================================================================
DAG File Processing Stats

File Path                               PID    Runtime      # DAGs    # Errors  Last Runtime    Last Run               Last # of DB Queries
--------------------------------------  -----  ---------  --------  ----------  --------------  -------------------  ----------------------
/opt/airflow/dags/big_data_pipeline.py                           1           0  0.45s           2026-04-03T05:57:39                      10
================================================================================
[2026-04-03T05:58:33.622+0000] {manager.py:997} INFO - 
================================================================================
DAG File Processing Stats

File Path                               PID    Runtime      # DAGs    # Errors  Last Runtime    Last Run               Last # of DB Queries
--------------------------------------  -----  ---------  --------  ----------  --------------  -------------------  ----------------------
/opt/airflow/dags/big_data_pipeline.py                           1           0  0.45s           2026-04-03T05:58:09                      10
================================================================================
[2026-04-03T05:59:03.739+0000] {manager.py:997} INFO - 
================================================================================
DAG File Processing Stats

File Path                               PID    Runtime      # DAGs    # Errors  Last Runtime    Last Run               Last # of DB Queries
--------------------------------------  -----  ---------  --------  ----------  --------------  -------------------  ----------------------
/opt/airflow/dags/big_data_pipeline.py                           1           0  0.42s           2026-04-03T05:58:40                      10
================================================================================
[2026-04-03T05:59:34.111+0000] {manager.py:997} INFO - 
================================================================================
DAG File Processing Stats

File Path                               PID    Runtime      # DAGs    # Errors  Last Runtime    Last Run               Last # of DB Queries
--------------------------------------  -----  ---------  --------  ----------  --------------  -------------------  ----------------------
/opt/airflow/dags/big_data_pipeline.py                           1           0  0.44s           2026-04-03T05:59:11                      10
================================================================================
[2026-04-03T06:00:04.171+0000] {manager.py:997} INFO - 
================================================================================
DAG File Processing Stats

File Path                               PID    Runtime      # DAGs    # Errors  Last Runtime    Last Run               Last # of DB Queries
--------------------------------------  -----  ---------  --------  ----------  --------------  -------------------  ----------------------
/opt/airflow/dags/big_data_pipeline.py                           1           0  0.39s           2026-04-03T05:59:41                      10
================================================================================
[2026-04-03T06:00:34.535+0000] {manager.py:997} INFO - 
================================================================================
DAG File Processing Stats

File Path                               PID    Runtime      # DAGs    # Errors  Last Runtime    Last Run               Last # of DB Queries
--------------------------------------  -----  ---------  --------  ----------  --------------  -------------------  ----------------------
/opt/airflow/dags/big_data_pipeline.py                           1           0  0.38s           2026-04-03T06:00:12                      10
================================================================================
[2026-04-03T06:01:04.574+0000] {manager.py:997} INFO - 
================================================================================
DAG File Processing Stats

File Path                               PID    Runtime      # DAGs    # Errors  Last Runtime    Last Run               Last # of DB Queries
--------------------------------------  -----  ---------  --------  ----------  --------------  -------------------  ----------------------
/opt/airflow/dags/big_data_pipeline.py                           1           0  0.39s           2026-04-03T06:00:43                      10
================================================================================
[2026-04-03T06:01:34.992+0000] {manager.py:997} INFO - 
================================================================================
DAG File Processing Stats

File Path                               PID    Runtime      # DAGs    # Errors  Last Runtime    Last Run               Last # of DB Queries
--------------------------------------  -----  ---------  --------  ----------  --------------  -------------------  ----------------------
/opt/airflow/dags/big_data_pipeline.py                           1           0  0.31s           2026-04-03T06:01:14                      10
================================================================================
[2026-04-03T06:02:05.584+0000] {manager.py:997} INFO - 
================================================================================
DAG File Processing Stats

File Path                               PID    Runtime      # DAGs    # Errors  Last Runtime    Last Run               Last # of DB Queries
--------------------------------------  -----  ---------  --------  ----------  --------------  -------------------  ----------------------
/opt/airflow/dags/big_data_pipeline.py                           1           0  0.39s           2026-04-03T06:01:44                      10
================================================================================
[2026-04-03T06:02:36.069+0000] {manager.py:997} INFO - 
================================================================================
DAG File Processing Stats

File Path                               PID    Runtime      # DAGs    # Errors  Last Runtime    Last Run               Last # of DB Queries
--------------------------------------  -----  ---------  --------  ----------  --------------  -------------------  ----------------------
/opt/airflow/dags/big_data_pipeline.py                           1           0  1.19s           2026-04-03T06:02:15                      10
================================================================================
[2026-04-03T06:02:51.439+0000] {manager.py:821} INFO - Searching for files in /opt/airflow/dags
[2026-04-03T06:02:51.447+0000] {manager.py:824} INFO - There are 1 files in /opt/airflow/dags
[2026-04-03T06:03:06.645+0000] {manager.py:997} INFO - 
================================================================================
DAG File Processing Stats

File Path                               PID    Runtime      # DAGs    # Errors  Last Runtime    Last Run               Last # of DB Queries
--------------------------------------  -----  ---------  --------  ----------  --------------  -------------------  ----------------------
/opt/airflow/dags/big_data_pipeline.py                           1           0  0.52s           2026-04-03T06:02:46                      10
================================================================================
[2026-04-03T06:03:37.352+0000] {manager.py:997} INFO - 
================================================================================
DAG File Processing Stats

File Path                               PID    Runtime      # DAGs    # Errors  Last Runtime    Last Run               Last # of DB Queries
--------------------------------------  -----  ---------  --------  ----------  --------------  -------------------  ----------------------
/opt/airflow/dags/big_data_pipeline.py                           1           0  0.34s           2026-04-03T06:03:17                      10
================================================================================
[2026-04-03T06:04:07.929+0000] {manager.py:997} INFO - 
================================================================================
DAG File Processing Stats

File Path                               PID    Runtime      # DAGs    # Errors  Last Runtime    Last Run               Last # of DB Queries
--------------------------------------  -----  ---------  --------  ----------  --------------  -------------------  ----------------------
/opt/airflow/dags/big_data_pipeline.py                           1           0  0.37s           2026-04-03T06:03:47                      10
================================================================================
[2026-04-03T06:04:38.411+0000] {manager.py:997} INFO - 
================================================================================
DAG File Processing Stats

File Path                               PID    Runtime      # DAGs    # Errors  Last Runtime    Last Run               Last # of DB Queries
--------------------------------------  -----  ---------  --------  ----------  --------------  -------------------  ----------------------
/opt/airflow/dags/big_data_pipeline.py                           1           0  0.46s           2026-04-03T06:04:18                      10
================================================================================
[2026-04-03T06:05:08.477+0000] {manager.py:997} INFO - 
================================================================================
DAG File Processing Stats

File Path                               PID    Runtime      # DAGs    # Errors  Last Runtime    Last Run               Last # of DB Queries
--------------------------------------  -----  ---------  --------  ----------  --------------  -------------------  ----------------------
/opt/airflow/dags/big_data_pipeline.py                           1           0  0.45s           2026-04-03T06:04:49                      10
================================================================================
[2026-04-03T06:05:38.813+0000] {manager.py:997} INFO - 
================================================================================
DAG File Processing Stats

File Path                               PID    Runtime      # DAGs    # Errors  Last Runtime    Last Run               Last # of DB Queries
--------------------------------------  -----  ---------  --------  ----------  --------------  -------------------  ----------------------
/opt/airflow/dags/big_data_pipeline.py                           1           0  0.41s           2026-04-03T06:05:20                      10
================================================================================
[2026-04-03T06:06:08.869+0000] {manager.py:997} INFO - 
================================================================================
DAG File Processing Stats

File Path                               PID    Runtime      # DAGs    # Errors  Last Runtime    Last Run               Last # of DB Queries
--------------------------------------  -----  ---------  --------  ----------  --------------  -------------------  ----------------------
/opt/airflow/dags/big_data_pipeline.py                           1           0  0.38s           2026-04-03T06:05:50                      10
================================================================================
[2026-04-03T06:06:39.259+0000] {manager.py:997} INFO - 
================================================================================
DAG File Processing Stats

File Path                               PID    Runtime      # DAGs    # Errors  Last Runtime    Last Run               Last # of DB Queries
--------------------------------------  -----  ---------  --------  ----------  --------------  -------------------  ----------------------
/opt/airflow/dags/big_data_pipeline.py                           1           0  0.41s           2026-04-03T06:06:21                      10
================================================================================
[2026-04-03T06:07:04.594+0000] {manager.py:465} INFO - Exiting gracefully upon receiving signal 15
[2026-04-03T06:23:17.787+0000] {manager.py:483} INFO - Processing files using up to 2 processes at a time 
[2026-04-03T06:23:17.788+0000] {manager.py:484} INFO - Process each file at most once every 30 seconds
[2026-04-03T06:23:17.788+0000] {manager.py:485} INFO - Checking for new files in /opt/airflow/dags every 300 seconds
[2026-04-03T06:23:17.788+0000] {manager.py:821} INFO - Searching for files in /opt/airflow/dags
[2026-04-03T06:23:17.805+0000] {manager.py:824} INFO - There are 1 files in /opt/airflow/dags
[2026-04-03T06:23:17.868+0000] {manager.py:997} INFO - 
================================================================================
DAG File Processing Stats

File Path                                 PID  Runtime      # DAGs    # Errors  Last Runtime    Last Run      Last # of DB Queries
--------------------------------------  -----  ---------  --------  ----------  --------------  ----------  ----------------------
/opt/airflow/dags/big_data_pipeline.py    169  0.02s             0           0                                                   0
================================================================================
[2026-04-03T06:23:48.080+0000] {manager.py:997} INFO - 
================================================================================
DAG File Processing Stats

File Path                               PID    Runtime      # DAGs    # Errors  Last Runtime    Last Run               Last # of DB Queries
--------------------------------------  -----  ---------  --------  ----------  --------------  -------------------  ----------------------
/opt/airflow/dags/big_data_pipeline.py                           1           0  0.64s           2026-04-03T06:23:18                      43
================================================================================
[2026-04-03T06:24:18.323+0000] {manager.py:997} INFO - 
================================================================================
DAG File Processing Stats

File Path                               PID    Runtime      # DAGs    # Errors  Last Runtime    Last Run               Last # of DB Queries
--------------------------------------  -----  ---------  --------  ----------  --------------  -------------------  ----------------------
/opt/airflow/dags/big_data_pipeline.py                           1           0  0.47s           2026-04-03T06:23:49                      10
================================================================================
[2026-04-03T06:24:48.761+0000] {manager.py:997} INFO - 
================================================================================
DAG File Processing Stats

File Path                               PID    Runtime      # DAGs    # Errors  Last Runtime    Last Run               Last # of DB Queries
--------------------------------------  -----  ---------  --------  ----------  --------------  -------------------  ----------------------
/opt/airflow/dags/big_data_pipeline.py                           1           0  0.27s           2026-04-03T06:24:19                      10
================================================================================
[2026-04-03T06:25:28.102+0000] {manager.py:483} INFO - Processing files using up to 2 processes at a time 
[2026-04-03T06:25:28.102+0000] {manager.py:484} INFO - Process each file at most once every 30 seconds
[2026-04-03T06:25:28.102+0000] {manager.py:485} INFO - Checking for new files in /opt/airflow/dags every 300 seconds
[2026-04-03T06:25:28.102+0000] {manager.py:821} INFO - Searching for files in /opt/airflow/dags
[2026-04-03T06:25:28.106+0000] {manager.py:824} INFO - There are 1 files in /opt/airflow/dags
[2026-04-03T06:25:28.139+0000] {manager.py:997} INFO - 
================================================================================
DAG File Processing Stats

File Path                                 PID  Runtime      # DAGs    # Errors  Last Runtime    Last Run      Last # of DB Queries
--------------------------------------  -----  ---------  --------  ----------  --------------  ----------  ----------------------
/opt/airflow/dags/big_data_pipeline.py    169  0.01s             0           0                                                   0
================================================================================
[2026-04-03T06:25:58.377+0000] {manager.py:997} INFO - 
================================================================================
DAG File Processing Stats

File Path                               PID    Runtime      # DAGs    # Errors  Last Runtime    Last Run               Last # of DB Queries
--------------------------------------  -----  ---------  --------  ----------  --------------  -------------------  ----------------------
/opt/airflow/dags/big_data_pipeline.py                           1           0  0.34s           2026-04-03T06:25:28                      10
================================================================================
[2026-04-03T06:26:28.957+0000] {manager.py:997} INFO - 
================================================================================
DAG File Processing Stats

File Path                               PID    Runtime      # DAGs    # Errors  Last Runtime    Last Run               Last # of DB Queries
--------------------------------------  -----  ---------  --------  ----------  --------------  -------------------  ----------------------
/opt/airflow/dags/big_data_pipeline.py                           1           0  0.33s           2026-04-03T06:25:59                      10
================================================================================
[2026-04-03T06:26:59.612+0000] {manager.py:997} INFO - 
================================================================================
DAG File Processing Stats

File Path                               PID    Runtime      # DAGs    # Errors  Last Runtime    Last Run               Last # of DB Queries
--------------------------------------  -----  ---------  --------  ----------  --------------  -------------------  ----------------------
/opt/airflow/dags/big_data_pipeline.py                           1           0  0.34s           2026-04-03T06:26:29                      10
================================================================================
[2026-04-03T06:27:30.114+0000] {manager.py:997} INFO - 
================================================================================
DAG File Processing Stats

File Path                               PID    Runtime      # DAGs    # Errors  Last Runtime    Last Run               Last # of DB Queries
--------------------------------------  -----  ---------  --------  ----------  --------------  -------------------  ----------------------
/opt/airflow/dags/big_data_pipeline.py                           1           0  0.32s           2026-04-03T06:27:00                      10
================================================================================
[2026-04-03T06:28:01.017+0000] {manager.py:997} INFO - 
================================================================================
DAG File Processing Stats

File Path                                 PID  Runtime      # DAGs    # Errors  Last Runtime    Last Run               Last # of DB Queries
--------------------------------------  -----  ---------  --------  ----------  --------------  -------------------  ----------------------
/opt/airflow/dags/big_data_pipeline.py    194  0.01s             1           0  0.33s           2026-04-03T06:27:30                      10
================================================================================
[2026-04-03T06:28:31.369+0000] {manager.py:997} INFO - 
================================================================================
DAG File Processing Stats

File Path                               PID    Runtime      # DAGs    # Errors  Last Runtime    Last Run               Last # of DB Queries
--------------------------------------  -----  ---------  --------  ----------  --------------  -------------------  ----------------------
/opt/airflow/dags/big_data_pipeline.py                           1           0  0.39s           2026-04-03T06:28:01                      10
================================================================================
[2026-04-03T06:29:01.977+0000] {manager.py:997} INFO - 
================================================================================
DAG File Processing Stats

File Path                                 PID  Runtime      # DAGs    # Errors  Last Runtime    Last Run               Last # of DB Queries
--------------------------------------  -----  ---------  --------  ----------  --------------  -------------------  ----------------------
/opt/airflow/dags/big_data_pipeline.py    204  0.01s             1           0  0.23s           2026-04-03T06:28:31                      10
================================================================================
[2026-04-03T06:29:32.468+0000] {manager.py:997} INFO - 
================================================================================
DAG File Processing Stats

File Path                                 PID  Runtime      # DAGs    # Errors  Last Runtime    Last Run               Last # of DB Queries
--------------------------------------  -----  ---------  --------  ----------  --------------  -------------------  ----------------------
/opt/airflow/dags/big_data_pipeline.py    209  0.01s             1           0  0.32s           2026-04-03T06:29:02                      10
================================================================================
[2026-04-03T06:30:02.864+0000] {manager.py:997} INFO - 
================================================================================
DAG File Processing Stats

File Path                                 PID  Runtime      # DAGs    # Errors  Last Runtime    Last Run               Last # of DB Queries
--------------------------------------  -----  ---------  --------  ----------  --------------  -------------------  ----------------------
/opt/airflow/dags/big_data_pipeline.py    214  0.01s             1           0  0.35s           2026-04-03T06:29:32                      10
================================================================================
[2026-04-03T06:30:28.318+0000] {manager.py:821} INFO - Searching for files in /opt/airflow/dags
[2026-04-03T06:30:28.335+0000] {manager.py:824} INFO - There are 1 files in /opt/airflow/dags
[2026-04-03T06:30:33.433+0000] {manager.py:997} INFO - 
================================================================================
DAG File Processing Stats

File Path                                 PID  Runtime      # DAGs    # Errors  Last Runtime    Last Run               Last # of DB Queries
--------------------------------------  -----  ---------  --------  ----------  --------------  -------------------  ----------------------
/opt/airflow/dags/big_data_pipeline.py    219  0.02s             1           0  0.43s           2026-04-03T06:30:03                      10
================================================================================
[2026-04-03T06:31:03.775+0000] {manager.py:997} INFO - 
================================================================================
DAG File Processing Stats

File Path                               PID    Runtime      # DAGs    # Errors  Last Runtime    Last Run               Last # of DB Queries
--------------------------------------  -----  ---------  --------  ----------  --------------  -------------------  ----------------------
/opt/airflow/dags/big_data_pipeline.py                           1           0  0.52s           2026-04-03T06:30:33                      10
================================================================================
[2026-04-03T06:31:34.438+0000] {manager.py:997} INFO - 
================================================================================
DAG File Processing Stats

File Path                               PID    Runtime      # DAGs    # Errors  Last Runtime    Last Run               Last # of DB Queries
--------------------------------------  -----  ---------  --------  ----------  --------------  -------------------  ----------------------
/opt/airflow/dags/big_data_pipeline.py                           1           0  0.29s           2026-04-03T06:31:04                      10
================================================================================
[2026-04-03T06:32:05.054+0000] {manager.py:997} INFO - 
================================================================================
DAG File Processing Stats

File Path                                 PID  Runtime      # DAGs    # Errors  Last Runtime    Last Run               Last # of DB Queries
--------------------------------------  -----  ---------  --------  ----------  --------------  -------------------  ----------------------
/opt/airflow/dags/big_data_pipeline.py    234  0.01s             1           0  0.28s           2026-04-03T06:31:34                      10
================================================================================
[2026-04-03T06:32:35.632+0000] {manager.py:997} INFO - 
================================================================================
DAG File Processing Stats

File Path                                 PID  Runtime      # DAGs    # Errors  Last Runtime    Last Run               Last # of DB Queries
--------------------------------------  -----  ---------  --------  ----------  --------------  -------------------  ----------------------
/opt/airflow/dags/big_data_pipeline.py    239  0.01s             1           0  0.28s           2026-04-03T06:32:05                      10
================================================================================
[2026-04-03T06:33:05.918+0000] {manager.py:997} INFO - 
================================================================================
DAG File Processing Stats

File Path                                 PID  Runtime      # DAGs    # Errors  Last Runtime    Last Run               Last # of DB Queries
--------------------------------------  -----  ---------  --------  ----------  --------------  -------------------  ----------------------
/opt/airflow/dags/big_data_pipeline.py    244  0.01s             1           0  0.24s           2026-04-03T06:32:35                      10
================================================================================
[2026-04-03T06:33:36.341+0000] {manager.py:997} INFO - 
================================================================================
DAG File Processing Stats

File Path                                 PID  Runtime      # DAGs    # Errors  Last Runtime    Last Run               Last # of DB Queries
--------------------------------------  -----  ---------  --------  ----------  --------------  -------------------  ----------------------
/opt/airflow/dags/big_data_pipeline.py    249  0.01s             1           0  0.39s           2026-04-03T06:33:06                      10
================================================================================
[2026-04-03T06:34:06.824+0000] {manager.py:997} INFO - 
================================================================================
DAG File Processing Stats

File Path                                 PID  Runtime      # DAGs    # Errors  Last Runtime    Last Run               Last # of DB Queries
--------------------------------------  -----  ---------  --------  ----------  --------------  -------------------  ----------------------
/opt/airflow/dags/big_data_pipeline.py    254  0.01s             1           0  0.35s           2026-04-03T06:33:36                      10
================================================================================
[2026-04-03T06:34:37.259+0000] {manager.py:997} INFO - 
================================================================================
DAG File Processing Stats

File Path                                 PID  Runtime      # DAGs    # Errors  Last Runtime    Last Run               Last # of DB Queries
--------------------------------------  -----  ---------  --------  ----------  --------------  -------------------  ----------------------
/opt/airflow/dags/big_data_pipeline.py    259  0.01s             1           0  0.30s           2026-04-03T06:34:07                      10
================================================================================
[2026-04-03T06:35:07.673+0000] {manager.py:997} INFO - 
================================================================================
DAG File Processing Stats

File Path                                 PID  Runtime      # DAGs    # Errors  Last Runtime    Last Run               Last # of DB Queries
--------------------------------------  -----  ---------  --------  ----------  --------------  -------------------  ----------------------
/opt/airflow/dags/big_data_pipeline.py    264  0.01s             1           0  0.31s           2026-04-03T06:34:37                      10
================================================================================
[2026-04-03T06:35:29.014+0000] {manager.py:821} INFO - Searching for files in /opt/airflow/dags
[2026-04-03T06:35:29.025+0000] {manager.py:824} INFO - There are 1 files in /opt/airflow/dags
[2026-04-03T06:35:38.132+0000] {manager.py:997} INFO - 
================================================================================
DAG File Processing Stats

File Path                                 PID  Runtime      # DAGs    # Errors  Last Runtime    Last Run               Last # of DB Queries
--------------------------------------  -----  ---------  --------  ----------  --------------  -------------------  ----------------------
/opt/airflow/dags/big_data_pipeline.py    269  0.01s             1           0  0.36s           2026-04-03T06:35:08                      10
================================================================================
[2026-04-03T06:36:08.540+0000] {manager.py:997} INFO - 
================================================================================
DAG File Processing Stats

File Path                                 PID  Runtime      # DAGs    # Errors  Last Runtime    Last Run               Last # of DB Queries
--------------------------------------  -----  ---------  --------  ----------  --------------  -------------------  ----------------------
/opt/airflow/dags/big_data_pipeline.py    274  0.00s             1           0  0.33s           2026-04-03T06:35:38                      10
================================================================================
[2026-04-03T06:36:38.940+0000] {manager.py:997} INFO - 
================================================================================
DAG File Processing Stats

File Path                                 PID  Runtime      # DAGs    # Errors  Last Runtime    Last Run               Last # of DB Queries
--------------------------------------  -----  ---------  --------  ----------  --------------  -------------------  ----------------------
/opt/airflow/dags/big_data_pipeline.py    279  0.02s             1           0  0.26s           2026-04-03T06:36:08                      10
================================================================================
[2026-04-03T06:37:09.287+0000] {manager.py:997} INFO - 
================================================================================
DAG File Processing Stats

File Path                               PID    Runtime      # DAGs    # Errors  Last Runtime    Last Run               Last # of DB Queries
--------------------------------------  -----  ---------  --------  ----------  --------------  -------------------  ----------------------
/opt/airflow/dags/big_data_pipeline.py                           1           0  0.46s           2026-04-03T06:36:39                      10
================================================================================
[2026-04-03T06:37:39.320+0000] {manager.py:997} INFO - 
================================================================================
DAG File Processing Stats

File Path                               PID    Runtime      # DAGs    # Errors  Last Runtime    Last Run               Last # of DB Queries
--------------------------------------  -----  ---------  --------  ----------  --------------  -------------------  ----------------------
/opt/airflow/dags/big_data_pipeline.py                           1           0  0.44s           2026-04-03T06:37:10                      10
================================================================================
[2026-04-03T06:38:09.671+0000] {manager.py:997} INFO - 
================================================================================
DAG File Processing Stats

File Path                               PID    Runtime      # DAGs    # Errors  Last Runtime    Last Run               Last # of DB Queries
--------------------------------------  -----  ---------  --------  ----------  --------------  -------------------  ----------------------
/opt/airflow/dags/big_data_pipeline.py                           1           0  0.36s           2026-04-03T06:37:40                      10
================================================================================
[2026-04-03T06:38:40.257+0000] {manager.py:997} INFO - 
================================================================================
DAG File Processing Stats

File Path                               PID    Runtime      # DAGs    # Errors  Last Runtime    Last Run               Last # of DB Queries
--------------------------------------  -----  ---------  --------  ----------  --------------  -------------------  ----------------------
/opt/airflow/dags/big_data_pipeline.py                           1           0  0.42s           2026-04-03T06:38:11                      10
================================================================================
[2026-04-03T06:39:10.300+0000] {manager.py:997} INFO - 
================================================================================
DAG File Processing Stats

File Path                               PID    Runtime      # DAGs    # Errors  Last Runtime    Last Run               Last # of DB Queries
--------------------------------------  -----  ---------  --------  ----------  --------------  -------------------  ----------------------
/opt/airflow/dags/big_data_pipeline.py                           1           0  0.40s           2026-04-03T06:38:42                      10
================================================================================
[2026-04-03T06:39:40.617+0000] {manager.py:997} INFO - 
================================================================================
DAG File Processing Stats

File Path                               PID    Runtime      # DAGs    # Errors  Last Runtime    Last Run               Last # of DB Queries
--------------------------------------  -----  ---------  --------  ----------  --------------  -------------------  ----------------------
/opt/airflow/dags/big_data_pipeline.py                           1           0  0.38s           2026-04-03T06:39:12                      10
================================================================================
[2026-04-03T06:40:10.846+0000] {manager.py:997} INFO - 
================================================================================
DAG File Processing Stats

File Path                               PID    Runtime      # DAGs    # Errors  Last Runtime    Last Run               Last # of DB Queries
--------------------------------------  -----  ---------  --------  ----------  --------------  -------------------  ----------------------
/opt/airflow/dags/big_data_pipeline.py                           1           0  0.38s           2026-04-03T06:39:43                      10
================================================================================
[2026-04-03T06:40:29.023+0000] {manager.py:821} INFO - Searching for files in /opt/airflow/dags
[2026-04-03T06:40:29.036+0000] {manager.py:824} INFO - There are 1 files in /opt/airflow/dags
[2026-04-03T06:40:41.159+0000] {manager.py:997} INFO - 
================================================================================
DAG File Processing Stats

File Path                               PID    Runtime      # DAGs    # Errors  Last Runtime    Last Run               Last # of DB Queries
--------------------------------------  -----  ---------  --------  ----------  --------------  -------------------  ----------------------
/opt/airflow/dags/big_data_pipeline.py                           1           0  0.48s           2026-04-03T06:40:13                      10
================================================================================
[2026-04-03T06:41:11.482+0000] {manager.py:997} INFO - 
================================================================================
DAG File Processing Stats

File Path                               PID    Runtime      # DAGs    # Errors  Last Runtime    Last Run               Last # of DB Queries
--------------------------------------  -----  ---------  --------  ----------  --------------  -------------------  ----------------------
/opt/airflow/dags/big_data_pipeline.py                           1           0  0.30s           2026-04-03T06:40:44                      10
================================================================================
[2026-04-03T06:41:42.033+0000] {manager.py:997} INFO - 
================================================================================
DAG File Processing Stats

File Path                               PID    Runtime      # DAGs    # Errors  Last Runtime    Last Run               Last # of DB Queries
--------------------------------------  -----  ---------  --------  ----------  --------------  -------------------  ----------------------
/opt/airflow/dags/big_data_pipeline.py                           1           0  0.38s           2026-04-03T06:41:15                      10
================================================================================
[2026-04-03T06:42:12.244+0000] {manager.py:997} INFO - 
================================================================================
DAG File Processing Stats

File Path                               PID    Runtime      # DAGs    # Errors  Last Runtime    Last Run               Last # of DB Queries
--------------------------------------  -----  ---------  --------  ----------  --------------  -------------------  ----------------------
/opt/airflow/dags/big_data_pipeline.py                           1           0  0.52s           2026-04-03T06:41:46                      10
================================================================================
[2026-04-03T06:42:42.575+0000] {manager.py:997} INFO - 
================================================================================
DAG File Processing Stats

File Path                               PID    Runtime      # DAGs    # Errors  Last Runtime    Last Run               Last # of DB Queries
--------------------------------------  -----  ---------  --------  ----------  --------------  -------------------  ----------------------
/opt/airflow/dags/big_data_pipeline.py                           1           0  0.42s           2026-04-03T06:42:16                      10
================================================================================
[2026-04-03T06:43:12.895+0000] {manager.py:997} INFO - 
================================================================================
DAG File Processing Stats

File Path                               PID    Runtime      # DAGs    # Errors  Last Runtime    Last Run               Last # of DB Queries
--------------------------------------  -----  ---------  --------  ----------  --------------  -------------------  ----------------------
/opt/airflow/dags/big_data_pipeline.py                           1           0  0.64s           2026-04-03T06:42:47                      10
================================================================================
[2026-04-03T06:43:43.265+0000] {manager.py:997} INFO - 
================================================================================
DAG File Processing Stats

File Path                               PID    Runtime      # DAGs    # Errors  Last Runtime    Last Run               Last # of DB Queries
--------------------------------------  -----  ---------  --------  ----------  --------------  -------------------  ----------------------
/opt/airflow/dags/big_data_pipeline.py                           1           0  0.30s           2026-04-03T06:43:18                      10
================================================================================
[2026-04-03T06:44:13.907+0000] {manager.py:997} INFO - 
================================================================================
DAG File Processing Stats

File Path                               PID    Runtime      # DAGs    # Errors  Last Runtime    Last Run               Last # of DB Queries
--------------------------------------  -----  ---------  --------  ----------  --------------  -------------------  ----------------------
/opt/airflow/dags/big_data_pipeline.py                           1           0  0.51s           2026-04-03T06:43:48                      10
================================================================================
[2026-04-03T06:44:44.493+0000] {manager.py:997} INFO - 
================================================================================
DAG File Processing Stats

File Path                               PID    Runtime      # DAGs    # Errors  Last Runtime    Last Run               Last # of DB Queries
--------------------------------------  -----  ---------  --------  ----------  --------------  -------------------  ----------------------
/opt/airflow/dags/big_data_pipeline.py                           1           0  0.50s           2026-04-03T06:44:19                      10
================================================================================
[2026-04-03T06:45:14.848+0000] {manager.py:997} INFO - 
================================================================================
DAG File Processing Stats

File Path                               PID    Runtime      # DAGs    # Errors  Last Runtime    Last Run               Last # of DB Queries
--------------------------------------  -----  ---------  --------  ----------  --------------  -------------------  ----------------------
/opt/airflow/dags/big_data_pipeline.py                           1           0  0.33s           2026-04-03T06:44:49                      10
================================================================================
[2026-04-03T06:45:29.277+0000] {manager.py:821} INFO - Searching for files in /opt/airflow/dags
[2026-04-03T06:45:29.290+0000] {manager.py:824} INFO - There are 1 files in /opt/airflow/dags
[2026-04-03T06:45:45.443+0000] {manager.py:997} INFO - 
================================================================================
DAG File Processing Stats

File Path                               PID    Runtime      # DAGs    # Errors  Last Runtime    Last Run               Last # of DB Queries
--------------------------------------  -----  ---------  --------  ----------  --------------  -------------------  ----------------------
/opt/airflow/dags/big_data_pipeline.py                           1           0  0.39s           2026-04-03T06:45:20                      10
================================================================================
[2026-04-03T06:46:15.812+0000] {manager.py:997} INFO - 
================================================================================
DAG File Processing Stats

File Path                               PID    Runtime      # DAGs    # Errors  Last Runtime    Last Run               Last # of DB Queries
--------------------------------------  -----  ---------  --------  ----------  --------------  -------------------  ----------------------
/opt/airflow/dags/big_data_pipeline.py                           1           0  0.48s           2026-04-03T06:45:51                      10
================================================================================
[2026-04-03T06:46:46.122+0000] {manager.py:997} INFO - 
================================================================================
DAG File Processing Stats

File Path                               PID    Runtime      # DAGs    # Errors  Last Runtime    Last Run               Last # of DB Queries
--------------------------------------  -----  ---------  --------  ----------  --------------  -------------------  ----------------------
/opt/airflow/dags/big_data_pipeline.py                           1           0  0.81s           2026-04-03T06:46:22                      10
================================================================================
[2026-04-03T06:47:16.673+0000] {manager.py:997} INFO - 
================================================================================
DAG File Processing Stats

File Path                               PID    Runtime      # DAGs    # Errors  Last Runtime    Last Run               Last # of DB Queries
--------------------------------------  -----  ---------  --------  ----------  --------------  -------------------  ----------------------
/opt/airflow/dags/big_data_pipeline.py                           1           0  0.42s           2026-04-03T06:46:52                      10
================================================================================
[2026-04-03T06:47:47.065+0000] {manager.py:997} INFO - 
================================================================================
DAG File Processing Stats

File Path                               PID    Runtime      # DAGs    # Errors  Last Runtime    Last Run               Last # of DB Queries
--------------------------------------  -----  ---------  --------  ----------  --------------  -------------------  ----------------------
/opt/airflow/dags/big_data_pipeline.py                           1           0  0.34s           2026-04-03T06:47:23                      10
================================================================================
[2026-04-03T06:48:17.510+0000] {manager.py:997} INFO - 
================================================================================
DAG File Processing Stats

File Path                               PID    Runtime      # DAGs    # Errors  Last Runtime    Last Run               Last # of DB Queries
--------------------------------------  -----  ---------  --------  ----------  --------------  -------------------  ----------------------
/opt/airflow/dags/big_data_pipeline.py                           1           0  0.40s           2026-04-03T06:47:53                      10
================================================================================
[2026-04-03T06:48:47.905+0000] {manager.py:997} INFO - 
================================================================================
DAG File Processing Stats

File Path                               PID    Runtime      # DAGs    # Errors  Last Runtime    Last Run               Last # of DB Queries
--------------------------------------  -----  ---------  --------  ----------  --------------  -------------------  ----------------------
/opt/airflow/dags/big_data_pipeline.py                           1           0  0.41s           2026-04-03T06:48:23                      10
================================================================================
[2026-04-03T06:49:18.386+0000] {manager.py:997} INFO - 
================================================================================
DAG File Processing Stats

File Path                               PID    Runtime      # DAGs    # Errors  Last Runtime    Last Run               Last # of DB Queries
--------------------------------------  -----  ---------  --------  ----------  --------------  -------------------  ----------------------
/opt/airflow/dags/big_data_pipeline.py                           1           0  0.34s           2026-04-03T06:48:54                      10
================================================================================
[2026-04-03T06:49:48.950+0000] {manager.py:997} INFO - 
================================================================================
DAG File Processing Stats

File Path                               PID    Runtime      # DAGs    # Errors  Last Runtime    Last Run               Last # of DB Queries
--------------------------------------  -----  ---------  --------  ----------  --------------  -------------------  ----------------------
/opt/airflow/dags/big_data_pipeline.py                           1           0  0.27s           2026-04-03T06:49:25                      10
================================================================================
[2026-04-03T06:50:19.489+0000] {manager.py:997} INFO - 
================================================================================
DAG File Processing Stats

File Path                               PID    Runtime      # DAGs    # Errors  Last Runtime    Last Run               Last # of DB Queries
--------------------------------------  -----  ---------  --------  ----------  --------------  -------------------  ----------------------
/opt/airflow/dags/big_data_pipeline.py                           1           0  0.33s           2026-04-03T06:49:55                      10
================================================================================
[2026-04-03T06:50:29.324+0000] {manager.py:821} INFO - Searching for files in /opt/airflow/dags
[2026-04-03T06:50:29.334+0000] {manager.py:824} INFO - There are 1 files in /opt/airflow/dags
[2026-04-03T06:50:49.500+0000] {manager.py:997} INFO - 
================================================================================
DAG File Processing Stats

File Path                               PID    Runtime      # DAGs    # Errors  Last Runtime    Last Run               Last # of DB Queries
--------------------------------------  -----  ---------  --------  ----------  --------------  -------------------  ----------------------
/opt/airflow/dags/big_data_pipeline.py                           1           0  0.66s           2026-04-03T06:50:26                      10
================================================================================
[2026-04-03T06:51:19.779+0000] {manager.py:997} INFO - 
================================================================================
DAG File Processing Stats

File Path                               PID    Runtime      # DAGs    # Errors  Last Runtime    Last Run               Last # of DB Queries
--------------------------------------  -----  ---------  --------  ----------  --------------  -------------------  ----------------------
/opt/airflow/dags/big_data_pipeline.py                           1           0  0.32s           2026-04-03T06:50:56                      10
================================================================================
[2026-04-03T06:51:50.544+0000] {manager.py:997} INFO - 
================================================================================
DAG File Processing Stats

File Path                               PID    Runtime      # DAGs    # Errors  Last Runtime    Last Run               Last # of DB Queries
--------------------------------------  -----  ---------  --------  ----------  --------------  -------------------  ----------------------
/opt/airflow/dags/big_data_pipeline.py                           1           0  0.33s           2026-04-03T06:51:27                      10
================================================================================
[2026-04-03T06:52:21.136+0000] {manager.py:997} INFO - 
================================================================================
DAG File Processing Stats

File Path                               PID    Runtime      # DAGs    # Errors  Last Runtime    Last Run               Last # of DB Queries
--------------------------------------  -----  ---------  --------  ----------  --------------  -------------------  ----------------------
/opt/airflow/dags/big_data_pipeline.py                           1           0  0.30s           2026-04-03T06:51:57                      10
================================================================================
[2026-04-03T06:52:51.407+0000] {manager.py:997} INFO - 
================================================================================
DAG File Processing Stats

File Path                               PID    Runtime      # DAGs    # Errors  Last Runtime    Last Run               Last # of DB Queries
--------------------------------------  -----  ---------  --------  ----------  --------------  -------------------  ----------------------
/opt/airflow/dags/big_data_pipeline.py                           1           0  0.33s           2026-04-03T06:52:28                      10
================================================================================
[2026-04-03T06:53:22.320+0000] {manager.py:997} INFO - 
================================================================================
DAG File Processing Stats

File Path                               PID    Runtime      # DAGs    # Errors  Last Runtime    Last Run               Last # of DB Queries
--------------------------------------  -----  ---------  --------  ----------  --------------  -------------------  ----------------------
/opt/airflow/dags/big_data_pipeline.py                           1           0  0.38s           2026-04-03T06:52:59                      10
================================================================================
[2026-04-03T06:53:52.599+0000] {manager.py:997} INFO - 
================================================================================
DAG File Processing Stats

File Path                               PID    Runtime      # DAGs    # Errors  Last Runtime    Last Run               Last # of DB Queries
--------------------------------------  -----  ---------  --------  ----------  --------------  -------------------  ----------------------
/opt/airflow/dags/big_data_pipeline.py                           1           0  0.56s           2026-04-03T06:53:29                      10
================================================================================
[2026-04-03T06:54:22.651+0000] {manager.py:997} INFO - 
================================================================================
DAG File Processing Stats

File Path                               PID    Runtime      # DAGs    # Errors  Last Runtime    Last Run               Last # of DB Queries
--------------------------------------  -----  ---------  --------  ----------  --------------  -------------------  ----------------------
/opt/airflow/dags/big_data_pipeline.py                           1           0  0.25s           2026-04-03T06:54:00                      10
================================================================================
[2026-04-03T06:54:52.884+0000] {manager.py:997} INFO - 
================================================================================
DAG File Processing Stats

File Path                               PID    Runtime      # DAGs    # Errors  Last Runtime    Last Run               Last # of DB Queries
--------------------------------------  -----  ---------  --------  ----------  --------------  -------------------  ----------------------
/opt/airflow/dags/big_data_pipeline.py                           1           0  0.26s           2026-04-03T06:54:30                      10
================================================================================
[2026-04-03T06:55:23.291+0000] {manager.py:997} INFO - 
================================================================================
DAG File Processing Stats

File Path                               PID    Runtime      # DAGs    # Errors  Last Runtime    Last Run               Last # of DB Queries
--------------------------------------  -----  ---------  --------  ----------  --------------  -------------------  ----------------------
/opt/airflow/dags/big_data_pipeline.py                           1           0  0.51s           2026-04-03T06:55:01                      10
================================================================================
[2026-04-03T06:55:29.344+0000] {manager.py:821} INFO - Searching for files in /opt/airflow/dags
[2026-04-03T06:55:29.358+0000] {manager.py:824} INFO - There are 1 files in /opt/airflow/dags
[2026-04-03T06:55:53.573+0000] {manager.py:997} INFO - 
================================================================================
DAG File Processing Stats

File Path                               PID    Runtime      # DAGs    # Errors  Last Runtime    Last Run               Last # of DB Queries
--------------------------------------  -----  ---------  --------  ----------  --------------  -------------------  ----------------------
/opt/airflow/dags/big_data_pipeline.py                           1           0  0.47s           2026-04-03T06:55:32                      10
================================================================================
[2026-04-03T06:56:23.852+0000] {manager.py:997} INFO - 
================================================================================
DAG File Processing Stats

File Path                               PID    Runtime      # DAGs    # Errors  Last Runtime    Last Run               Last # of DB Queries
--------------------------------------  -----  ---------  --------  ----------  --------------  -------------------  ----------------------
/opt/airflow/dags/big_data_pipeline.py                           1           0  0.49s           2026-04-03T06:56:03                      10
================================================================================
[2026-04-03T06:56:54.260+0000] {manager.py:997} INFO - 
================================================================================
DAG File Processing Stats

File Path                               PID    Runtime      # DAGs    # Errors  Last Runtime    Last Run               Last # of DB Queries
--------------------------------------  -----  ---------  --------  ----------  --------------  -------------------  ----------------------
/opt/airflow/dags/big_data_pipeline.py                           1           0  0.57s           2026-04-03T06:56:33                      10
================================================================================
[2026-04-03T06:57:24.544+0000] {manager.py:997} INFO - 
================================================================================
DAG File Processing Stats

File Path                               PID    Runtime      # DAGs    # Errors  Last Runtime    Last Run               Last # of DB Queries
--------------------------------------  -----  ---------  --------  ----------  --------------  -------------------  ----------------------
/opt/airflow/dags/big_data_pipeline.py                           1           0  0.64s           2026-04-03T06:57:05                      10
================================================================================
[2026-04-03T06:57:54.810+0000] {manager.py:997} INFO - 
================================================================================
DAG File Processing Stats

File Path                               PID    Runtime      # DAGs    # Errors  Last Runtime    Last Run               Last # of DB Queries
--------------------------------------  -----  ---------  --------  ----------  --------------  -------------------  ----------------------
/opt/airflow/dags/big_data_pipeline.py                           1           0  0.52s           2026-04-03T06:57:35                      10
================================================================================
[2026-04-03T06:58:25.235+0000] {manager.py:997} INFO - 
================================================================================
DAG File Processing Stats

File Path                               PID    Runtime      # DAGs    # Errors  Last Runtime    Last Run               Last # of DB Queries
--------------------------------------  -----  ---------  --------  ----------  --------------  -------------------  ----------------------
/opt/airflow/dags/big_data_pipeline.py                           1           0  0.46s           2026-04-03T06:58:06                      10
================================================================================
[2026-04-03T06:58:55.284+0000] {manager.py:997} INFO - 
================================================================================
DAG File Processing Stats

File Path                               PID    Runtime      # DAGs    # Errors  Last Runtime    Last Run               Last # of DB Queries
--------------------------------------  -----  ---------  --------  ----------  --------------  -------------------  ----------------------
/opt/airflow/dags/big_data_pipeline.py                           1           0  0.53s           2026-04-03T06:58:37                      10
================================================================================
[2026-04-03T06:59:25.569+0000] {manager.py:997} INFO - 
================================================================================
DAG File Processing Stats

File Path                               PID    Runtime      # DAGs    # Errors  Last Runtime    Last Run               Last # of DB Queries
--------------------------------------  -----  ---------  --------  ----------  --------------  -------------------  ----------------------
/opt/airflow/dags/big_data_pipeline.py                           1           0  0.41s           2026-04-03T06:59:07                      10
================================================================================
